This is pdfTeX, Version 3.14159265-2.6-1.40.21 (TeX Live 2020/W32TeX) (preloaded format=pdflatex 2020.5.4)  4 MAY 2020 16:38
entering extended mode
 restricted \write18 enabled.
 %&-line parsing enabled.
**Stat_461_Final_Project_Report.tex
(./Stat_461_Final_Project_Report.tex
LaTeX2e <2020-02-02> patch level 5
L3 programming layer <2020-04-06> (c:/Users/Javier/AppData/Roaming/TinyTeX/texm
f-dist/tex/latex/base/article.cls
Document Class: article 2019/12/20 v1.4l Standard LaTeX document class
(c:/Users/Javier/AppData/Roaming/TinyTeX/texmf-dist/tex/latex/base/size10.clo
File: size10.clo 2019/12/20 v1.4l Standard LaTeX file (size option)
)
\c@part=\count167
\c@section=\count168
\c@subsection=\count169
\c@subsubsection=\count170
\c@paragraph=\count171
\c@subparagraph=\count172
\c@figure=\count173
\c@table=\count174
\abovecaptionskip=\skip47
\belowcaptionskip=\skip48
\bibindent=\dimen134
) (c:/Users/Javier/AppData/Roaming/TinyTeX/texmf-dist/tex/latex/lm/lmodern.sty
Package: lmodern 2009/10/30 v1.6 Latin Modern Fonts
LaTeX Font Info:    Overwriting symbol font `operators' in version `normal'
(Font)                  OT1/cmr/m/n --> OT1/lmr/m/n on input line 22.
LaTeX Font Info:    Overwriting symbol font `letters' in version `normal'
(Font)                  OML/cmm/m/it --> OML/lmm/m/it on input line 23.
LaTeX Font Info:    Overwriting symbol font `symbols' in version `normal'
(Font)                  OMS/cmsy/m/n --> OMS/lmsy/m/n on input line 24.
LaTeX Font Info:    Overwriting symbol font `largesymbols' in version `normal'
(Font)                  OMX/cmex/m/n --> OMX/lmex/m/n on input line 25.
LaTeX Font Info:    Overwriting symbol font `operators' in version `bold'
(Font)                  OT1/cmr/bx/n --> OT1/lmr/bx/n on input line 26.
LaTeX Font Info:    Overwriting symbol font `letters' in version `bold'
(Font)                  OML/cmm/b/it --> OML/lmm/b/it on input line 27.
LaTeX Font Info:    Overwriting symbol font `symbols' in version `bold'
(Font)                  OMS/cmsy/b/n --> OMS/lmsy/b/n on input line 28.
LaTeX Font Info:    Overwriting symbol font `largesymbols' in version `bold'
(Font)                  OMX/cmex/m/n --> OMX/lmex/m/n on input line 29.
LaTeX Font Info:    Overwriting math alphabet `\mathbf' in version `normal'
(Font)                  OT1/cmr/bx/n --> OT1/lmr/bx/n on input line 31.
LaTeX Font Info:    Overwriting math alphabet `\mathsf' in version `normal'
(Font)                  OT1/cmss/m/n --> OT1/lmss/m/n on input line 32.
LaTeX Font Info:    Overwriting math alphabet `\mathit' in version `normal'
(Font)                  OT1/cmr/m/it --> OT1/lmr/m/it on input line 33.
LaTeX Font Info:    Overwriting math alphabet `\mathtt' in version `normal'
(Font)                  OT1/cmtt/m/n --> OT1/lmtt/m/n on input line 34.
LaTeX Font Info:    Overwriting math alphabet `\mathbf' in version `bold'
(Font)                  OT1/cmr/bx/n --> OT1/lmr/bx/n on input line 35.
LaTeX Font Info:    Overwriting math alphabet `\mathsf' in version `bold'
(Font)                  OT1/cmss/bx/n --> OT1/lmss/bx/n on input line 36.
LaTeX Font Info:    Overwriting math alphabet `\mathit' in version `bold'
(Font)                  OT1/cmr/bx/it --> OT1/lmr/bx/it on input line 37.
LaTeX Font Info:    Overwriting math alphabet `\mathtt' in version `bold'
(Font)                  OT1/cmtt/m/n --> OT1/lmtt/m/n on input line 38.
)
(c:/Users/Javier/AppData/Roaming/TinyTeX/texmf-dist/tex/latex/amsfonts/amssymb.
sty
Package: amssymb 2013/01/14 v3.01 AMS font symbols

(c:/Users/Javier/AppData/Roaming/TinyTeX/texmf-dist/tex/latex/amsfonts/amsfonts
.sty
Package: amsfonts 2013/01/14 v3.01 Basic AMSFonts support
\@emptytoks=\toks15
\symAMSa=\mathgroup4
\symAMSb=\mathgroup5
LaTeX Font Info:    Redeclaring math symbol \hbar on input line 98.
LaTeX Font Info:    Overwriting math alphabet `\mathfrak' in version `bold'
(Font)                  U/euf/m/n --> U/euf/b/n on input line 106.
))
(c:/Users/Javier/AppData/Roaming/TinyTeX/texmf-dist/tex/latex/amsmath/amsmath.s
ty
Package: amsmath 2020/01/20 v2.17e AMS math features
\@mathmargin=\skip49
For additional information on amsmath, use the `?' option.

(c:/Users/Javier/AppData/Roaming/TinyTeX/texmf-dist/tex/latex/amsmath/amstext.s
ty
Package: amstext 2000/06/29 v2.01 AMS text

(c:/Users/Javier/AppData/Roaming/TinyTeX/texmf-dist/tex/latex/amsmath/amsgen.st
y
File: amsgen.sty 1999/11/30 v2.0 generic functions
\@emptytoks=\toks16
\ex@=\dimen135
))
(c:/Users/Javier/AppData/Roaming/TinyTeX/texmf-dist/tex/latex/amsmath/amsbsy.st
y
Package: amsbsy 1999/11/29 v1.2d Bold Symbols
\pmbraise@=\dimen136
)
(c:/Users/Javier/AppData/Roaming/TinyTeX/texmf-dist/tex/latex/amsmath/amsopn.st
y
Package: amsopn 2016/03/08 v2.02 operator names
)
\inf@bad=\count175
LaTeX Info: Redefining \frac on input line 227.
\uproot@=\count176
\leftroot@=\count177
LaTeX Info: Redefining \overline on input line 389.
\classnum@=\count178
\DOTSCASE@=\count179
LaTeX Info: Redefining \ldots on input line 486.
LaTeX Info: Redefining \dots on input line 489.
LaTeX Info: Redefining \cdots on input line 610.
\Mathstrutbox@=\box45
\strutbox@=\box46
\big@size=\dimen137
LaTeX Font Info:    Redeclaring font encoding OML on input line 733.
LaTeX Font Info:    Redeclaring font encoding OMS on input line 734.
\macc@depth=\count180
\c@MaxMatrixCols=\count181
\dotsspace@=\muskip16
\c@parentequation=\count182
\dspbrk@lvl=\count183
\tag@help=\toks17
\row@=\count184
\column@=\count185
\maxfields@=\count186
\andhelp@=\toks18
\eqnshift@=\dimen138
\alignsep@=\dimen139
\tagshift@=\dimen140
\tagwidth@=\dimen141
\totwidth@=\dimen142
\lineht@=\dimen143
\@envbody=\toks19
\multlinegap=\skip50
\multlinetaggap=\skip51
\mathdisplay@stack=\toks20
LaTeX Info: Redefining \[ on input line 2859.
LaTeX Info: Redefining \] on input line 2860.
)
(c:/Users/Javier/AppData/Roaming/TinyTeX/texmf-dist/tex/generic/iftex/ifxetex.s
ty
Package: ifxetex 2019/10/25 v0.7 ifxetex legacy package. Use iftex instead.

(c:/Users/Javier/AppData/Roaming/TinyTeX/texmf-dist/tex/generic/iftex/iftex.sty
Package: iftex 2020/03/06 v1.0d TeX engine tests
))
(c:/Users/Javier/AppData/Roaming/TinyTeX/texmf-dist/tex/generic/iftex/ifluatex.
sty
Package: ifluatex 2019/10/25 v1.5 ifluatex legacy package. Use iftex instead.
)
(c:/Users/Javier/AppData/Roaming/TinyTeX/texmf-dist/tex/latex/base/fixltx2e.sty
Package: fixltx2e 2016/12/29 v2.1a fixes to LaTeX (obsolete)
Applying: [2015/01/01] Old fixltx2e package on input line 46.

Package fixltx2e Warning: fixltx2e is not required with releases after 2015
(fixltx2e)                All fixes are now in the LaTeX kernel.
(fixltx2e)                See the latexrelease package for details.

Already applied: [0000/00/00] Old fixltx2e package on input line 53.
) (c:/Users/Javier/AppData/Roaming/TinyTeX/texmf-dist/tex/latex/base/fontenc.st
y
Package: fontenc 2020/02/11 v2.0o Standard LaTeX package
LaTeX Font Info:    Trying to load font information for T1+lmr on input line 11
2.
(c:/Users/Javier/AppData/Roaming/TinyTeX/texmf-dist/tex/latex/lm/t1lmr.fd
File: t1lmr.fd 2009/10/30 v1.6 Font defs for Latin Modern
))
(c:/Users/Javier/AppData/Roaming/TinyTeX/texmf-dist/tex/latex/base/inputenc.sty
Package: inputenc 2018/08/11 v1.3c Input encoding file
\inpenc@prehook=\toks21
\inpenc@posthook=\toks22
)
(c:/Users/Javier/AppData/Roaming/TinyTeX/texmf-dist/tex/latex/upquote/upquote.s
ty
Package: upquote 2012/04/19 v1.3 upright-quote and grave-accent glyphs in verba
tim

(c:/Users/Javier/AppData/Roaming/TinyTeX/texmf-dist/tex/latex/base/textcomp.sty
Package: textcomp 2020/02/02 v2.0n Standard LaTeX package
))
(c:/Users/Javier/AppData/Roaming/TinyTeX/texmf-dist/tex/latex/hyperref/hyperref
.sty
Package: hyperref 2020/01/14 v7.00d Hypertext links for LaTeX

(c:/Users/Javier/AppData/Roaming/TinyTeX/texmf-dist/tex/generic/ltxcmds/ltxcmds
.sty
Package: ltxcmds 2019/12/15 v1.24 LaTeX kernel commands for general use (HO)
)
(c:/Users/Javier/AppData/Roaming/TinyTeX/texmf-dist/tex/latex/pdftexcmds/pdftex
cmds.sty
Package: pdftexcmds 2019/11/24 v0.31 Utility functions of pdfTeX for LuaTeX (HO
)

(c:/Users/Javier/AppData/Roaming/TinyTeX/texmf-dist/tex/generic/infwarerr/infwa
rerr.sty
Package: infwarerr 2019/12/03 v1.5 Providing info/warning/error messages (HO)
)
Package pdftexcmds Info: \pdf@primitive is available.
Package pdftexcmds Info: \pdf@ifprimitive is available.
Package pdftexcmds Info: \pdfdraftmode found.
)
(c:/Users/Javier/AppData/Roaming/TinyTeX/texmf-dist/tex/latex/graphics/keyval.s
ty
Package: keyval 2014/10/28 v1.15 key=value parser (DPC)
\KV@toks@=\toks23
)
(c:/Users/Javier/AppData/Roaming/TinyTeX/texmf-dist/tex/generic/kvsetkeys/kvset
keys.sty
Package: kvsetkeys 2019/12/15 v1.18 Key value parser (HO)
)
(c:/Users/Javier/AppData/Roaming/TinyTeX/texmf-dist/tex/generic/kvdefinekeys/kv
definekeys.sty
Package: kvdefinekeys 2019-12-19 v1.6 Define keys (HO)
)
(c:/Users/Javier/AppData/Roaming/TinyTeX/texmf-dist/tex/generic/pdfescape/pdfes
cape.sty
Package: pdfescape 2019/12/09 v1.15 Implements pdfTeX's escape features (HO)
)
(c:/Users/Javier/AppData/Roaming/TinyTeX/texmf-dist/tex/latex/hycolor/hycolor.s
ty
Package: hycolor 2020-01-27 v1.10 Color options for hyperref/bookmark (HO)
)
(c:/Users/Javier/AppData/Roaming/TinyTeX/texmf-dist/tex/latex/letltxmacro/letlt
xmacro.sty
Package: letltxmacro 2019/12/03 v1.6 Let assignment for LaTeX macros (HO)
)
(c:/Users/Javier/AppData/Roaming/TinyTeX/texmf-dist/tex/latex/auxhook/auxhook.s
ty
Package: auxhook 2019-12-17 v1.6 Hooks for auxiliary files (HO)
)
(c:/Users/Javier/AppData/Roaming/TinyTeX/texmf-dist/tex/latex/kvoptions/kvoptio
ns.sty
Package: kvoptions 2019/11/29 v3.13 Key value format for package options (HO)
)
\@linkdim=\dimen144
\Hy@linkcounter=\count187
\Hy@pagecounter=\count188

(c:/Users/Javier/AppData/Roaming/TinyTeX/texmf-dist/tex/latex/hyperref/pd1enc.d
ef
File: pd1enc.def 2020/01/14 v7.00d Hyperref: PDFDocEncoding definition (HO)
Now handling font encoding PD1 ...
... no UTF-8 mapping file for font encoding PD1
)
(c:/Users/Javier/AppData/Roaming/TinyTeX/texmf-dist/tex/generic/intcalc/intcalc
.sty
Package: intcalc 2019/12/15 v1.3 Expandable calculations with integers (HO)
)
(c:/Users/Javier/AppData/Roaming/TinyTeX/texmf-dist/tex/generic/etexcmds/etexcm
ds.sty
Package: etexcmds 2019/12/15 v1.7 Avoid name clashes with e-TeX commands (HO)
)
\Hy@SavedSpaceFactor=\count189
Package hyperref Info: Option `unicode' set `true' on input line 4421.

(c:/Users/Javier/AppData/Roaming/TinyTeX/texmf-dist/tex/latex/hyperref/puenc.de
f
File: puenc.def 2020/01/14 v7.00d Hyperref: PDF Unicode definition (HO)
Now handling font encoding PU ...
... no UTF-8 mapping file for font encoding PU
)
Package hyperref Info: Hyper figures OFF on input line 4547.
Package hyperref Info: Link nesting OFF on input line 4552.
Package hyperref Info: Hyper index ON on input line 4555.
Package hyperref Info: Plain pages OFF on input line 4562.
Package hyperref Info: Backreferencing OFF on input line 4567.
Package hyperref Info: Implicit mode ON; LaTeX internals redefined.
Package hyperref Info: Bookmarks ON on input line 4800.
\c@Hy@tempcnt=\count190
(c:/Users/Javier/AppData/Roaming/TinyTeX/texmf-dist/tex/latex/url/url.sty
\Urlmuskip=\muskip17
Package: url 2013/09/16  ver 3.4  Verb mode for urls, etc.
)
LaTeX Info: Redefining \url on input line 5159.
\XeTeXLinkMargin=\dimen145

(c:/Users/Javier/AppData/Roaming/TinyTeX/texmf-dist/tex/generic/bitset/bitset.s
ty
Package: bitset 2019/12/09 v1.3 Handle bit-vector datatype (HO)

(c:/Users/Javier/AppData/Roaming/TinyTeX/texmf-dist/tex/generic/bigintcalc/bigi
ntcalc.sty
Package: bigintcalc 2019/12/15 v1.5 Expandable calculations on big integers (HO
)
))
\Fld@menulength=\count191
\Field@Width=\dimen146
\Fld@charsize=\dimen147
Package hyperref Info: Hyper figures OFF on input line 6430.
Package hyperref Info: Link nesting OFF on input line 6435.
Package hyperref Info: Hyper index ON on input line 6438.
Package hyperref Info: backreferencing OFF on input line 6445.
Package hyperref Info: Link coloring OFF on input line 6450.
Package hyperref Info: Link coloring with OCG OFF on input line 6455.
Package hyperref Info: PDF/A mode OFF on input line 6460.
LaTeX Info: Redefining \ref on input line 6500.
LaTeX Info: Redefining \pageref on input line 6504.

(c:/Users/Javier/AppData/Roaming/TinyTeX/texmf-dist/tex/generic/atbegshi/atbegs
hi.sty
Package: atbegshi 2019/12/05 v1.19 At begin shipout hook (HO)
)
\Hy@abspage=\count192
\c@Item=\count193
\c@Hfootnote=\count194
)
Package hyperref Info: Driver (autodetected): hpdftex.

(c:/Users/Javier/AppData/Roaming/TinyTeX/texmf-dist/tex/latex/hyperref/hpdftex.
def
File: hpdftex.def 2020/01/14 v7.00d Hyperref driver for pdfTeX

(c:/Users/Javier/AppData/Roaming/TinyTeX/texmf-dist/tex/latex/atveryend/atverye
nd.sty
Package: atveryend 2019-12-11 v1.11 Hooks at the very end of document (HO)
Package atveryend Info: \enddocument detected (standard20110627).
)
\Fld@listcount=\count195
\c@bookmark@seq@number=\count196

(c:/Users/Javier/AppData/Roaming/TinyTeX/texmf-dist/tex/latex/rerunfilecheck/re
runfilecheck.sty
Package: rerunfilecheck 2019/12/05 v1.9 Rerun checks for auxiliary files (HO)

(c:/Users/Javier/AppData/Roaming/TinyTeX/texmf-dist/tex/generic/uniquecounter/u
niquecounter.sty
Package: uniquecounter 2019/12/15 v1.4 Provide unlimited unique counter (HO)
)
Package uniquecounter Info: New unique counter `rerunfilecheck' on input line 2
86.
)
\Hy@SectionHShift=\skip52
)
Package hyperref Info: Option `breaklinks' set `true' on input line 30.

(c:/Users/Javier/AppData/Roaming/TinyTeX/texmf-dist/tex/latex/geometry/geometry
.sty
Package: geometry 2020/01/02 v5.9 Page Geometry

(c:/Users/Javier/AppData/Roaming/TinyTeX/texmf-dist/tex/generic/iftex/ifvtex.st
y
Package: ifvtex 2019/10/25 v1.7 ifvtex legacy package. Use iftex instead.
)
\Gm@cnth=\count197
\Gm@cntv=\count198
\c@Gm@tempcnt=\count199
\Gm@bindingoffset=\dimen148
\Gm@wd@mp=\dimen149
\Gm@odd@mp=\dimen150
\Gm@even@mp=\dimen151
\Gm@layoutwidth=\dimen152
\Gm@layoutheight=\dimen153
\Gm@layouthoffset=\dimen154
\Gm@layoutvoffset=\dimen155
\Gm@dimlist=\toks24
)
(c:/Users/Javier/AppData/Roaming/TinyTeX/texmf-dist/tex/latex/graphics/color.st
y
Package: color 2019/11/23 v1.2a Standard LaTeX Color (DPC)

(c:/Users/Javier/AppData/Roaming/TinyTeX/texmf-dist/tex/latex/graphics-cfg/colo
r.cfg
File: color.cfg 2016/01/02 v1.6 sample color configuration
)
Package color Info: Driver file: pdftex.def on input line 147.

(c:/Users/Javier/AppData/Roaming/TinyTeX/texmf-dist/tex/latex/graphics-def/pdft
ex.def
File: pdftex.def 2018/01/08 v1.0l Graphics/color driver for pdftex
))
(c:/Users/Javier/AppData/Roaming/TinyTeX/texmf-dist/tex/latex/fancyvrb/fancyvrb
.sty
Package: fancyvrb 2020/01/13 v3.5 verbatim text (tvz,hv)
\FV@CodeLineNo=\count266
\FV@InFile=\read2
\FV@TabBox=\box47
\c@FancyVerbLine=\count267
\FV@StepNumber=\count268
\FV@OutFile=\write3
)
(c:/Users/Javier/AppData/Roaming/TinyTeX/texmf-dist/tex/latex/framed/framed.sty
Package: framed 2011/10/22 v 0.96: framed or shaded text with page breaks
\OuterFrameSep=\skip53
\fb@frw=\dimen156
\fb@frh=\dimen157
\FrameRule=\dimen158
\FrameSep=\dimen159
)
(c:/Users/Javier/AppData/Roaming/TinyTeX/texmf-dist/tex/latex/graphics/graphicx
.sty
Package: graphicx 2019/11/30 v1.2a Enhanced LaTeX Graphics (DPC,SPQR)

(c:/Users/Javier/AppData/Roaming/TinyTeX/texmf-dist/tex/latex/graphics/graphics
.sty
Package: graphics 2019/11/30 v1.4a Standard LaTeX Graphics (DPC,SPQR)

(c:/Users/Javier/AppData/Roaming/TinyTeX/texmf-dist/tex/latex/graphics/trig.sty
Package: trig 2016/01/03 v1.10 sin cos tan (DPC)
)
(c:/Users/Javier/AppData/Roaming/TinyTeX/texmf-dist/tex/latex/graphics-cfg/grap
hics.cfg
File: graphics.cfg 2016/06/04 v1.11 sample graphics configuration
)
Package graphics Info: Driver file: pdftex.def on input line 105.
)
\Gin@req@height=\dimen160
\Gin@req@width=\dimen161
)
(c:/Users/Javier/AppData/Roaming/TinyTeX/texmf-dist/tex/latex/grffile/grffile.s
ty
Package: grffile 2019/11/11 v2.1 Extended file name support for graphics (legac
y)
Package grffile Info: This package is an empty stub for compatibility on input 
line 40.
) (c:/Users/Javier/AppData/Roaming/TinyTeX/texmf-dist/tex/latex/float/float.sty
Package: float 2001/11/08 v1.3d Float enhancements (AL)
\c@float@type=\count269
\float@exts=\toks25
\float@box=\box48
\@float@everytoks=\toks26
\@floatcapt=\box49
)
(c:/Users/Javier/AppData/Roaming/TinyTeX/texmf-dist/tex/latex/booktabs/booktabs
.sty
Package: booktabs 2020/01/12 v1.61803398 Publication quality tables
\heavyrulewidth=\dimen162
\lightrulewidth=\dimen163
\cmidrulewidth=\dimen164
\belowrulesep=\dimen165
\belowbottomsep=\dimen166
\aboverulesep=\dimen167
\abovetopsep=\dimen168
\cmidrulesep=\dimen169
\cmidrulekern=\dimen170
\defaultaddspace=\dimen171
\@cmidla=\count270
\@cmidlb=\count271
\@aboverulesep=\dimen172
\@belowrulesep=\dimen173
\@thisruleclass=\count272
\@lastruleclass=\count273
\@thisrulewidth=\dimen174
)
(c:/Users/Javier/AppData/Roaming/TinyTeX/texmf-dist/tex/latex/tools/longtable.s
ty
Package: longtable 2020/01/07 v4.13 Multi-page Table package (DPC)
\LTleft=\skip54
\LTright=\skip55
\LTpre=\skip56
\LTpost=\skip57
\LTchunksize=\count274
\LTcapwidth=\dimen175
\LT@head=\box50
\LT@firsthead=\box51
\LT@foot=\box52
\LT@lastfoot=\box53
\LT@cols=\count275
\LT@rows=\count276
\c@LT@tables=\count277
\c@LT@chunks=\count278
\LT@p@ftn=\toks27
) (c:/Users/Javier/AppData/Roaming/TinyTeX/texmf-dist/tex/latex/tools/array.sty
Package: array 2019/08/31 v2.4l Tabular extension package (FMi)
\col@sep=\dimen176
\ar@mcellbox=\box54
\extrarowheight=\dimen177
\NC@list=\toks28
\extratabsurround=\skip58
\backup@length=\skip59
\ar@cellbox=\box55
)
(c:/Users/Javier/AppData/Roaming/TinyTeX/texmf-dist/tex/latex/multirow/multirow
.sty
Package: multirow 2019/05/31 v2.5 Span multiple rows of a table
\multirow@colwidth=\skip60
\multirow@cntb=\count279
\multirow@dima=\skip61
\bigstrutjot=\dimen178
)
(c:/Users/Javier/AppData/Roaming/TinyTeX/texmf-dist/tex/latex/wrapfig/wrapfig.s
ty
\wrapoverhang=\dimen179
\WF@size=\dimen180
\c@WF@wrappedlines=\count280
\WF@box=\box56
\WF@everypar=\toks29
Package: wrapfig 2003/01/31  v 3.6
)
(c:/Users/Javier/AppData/Roaming/TinyTeX/texmf-dist/tex/latex/colortbl/colortbl
.sty
Package: colortbl 2020/01/04 v1.0e Color table columns (DPC)
\everycr=\toks30
\minrowclearance=\skip62
)
(c:/Users/Javier/AppData/Roaming/TinyTeX/texmf-dist/tex/latex/pdflscape/pdflsca
pe.sty
Package: pdflscape 2019/12/05 v0.12 Display of landscape pages in PDF (HO)

(c:/Users/Javier/AppData/Roaming/TinyTeX/texmf-dist/tex/latex/graphics/lscape.s
ty
Package: lscape 2000/10/22 v3.01 Landscape Pages (DPC)
)
Package pdflscape Info: Auto-detected driver: pdftex on input line 81.
) (c:/Users/Javier/AppData/Roaming/TinyTeX/texmf-dist/tex/latex/tabu/tabu.sty
Package: tabu 2019/01/11 v2.9 - flexible LaTeX tabulars (FC+tabu-fixed)

(c:/Users/Javier/AppData/Roaming/TinyTeX/texmf-dist/tex/latex/varwidth/varwidth
.sty
Package: varwidth 2009/03/30 ver 0.92;  Variable-width minipages
\@vwid@box=\box57
\sift@deathcycles=\count281
\@vwid@loff=\dimen181
\@vwid@roff=\dimen182
)
\c@taburow=\count282
\tabu@nbcols=\count283
\tabu@cnt=\count284
\tabu@Xcol=\count285
\tabu@alloc=\count286
\tabu@nested=\count287
\tabu@target=\dimen183
\tabu@spreadtarget=\dimen184
\tabu@naturalX=\dimen185
\tabucolX=\dimen186
\tabu@Xsum=\dimen187
\extrarowdepth=\dimen188
\abovetabulinesep=\dimen189
\belowtabulinesep=\dimen190
\tabustrutrule=\dimen191
\tabu@thebody=\toks31
\tabu@footnotes=\toks32
\tabu@box=\box58
\tabu@arstrutbox=\box59
\tabu@hleads=\box60
\tabu@vleads=\box61
\tabu@cellskip=\skip63
)
(c:/Users/Javier/AppData/Roaming/TinyTeX/texmf-dist/tex/latex/threeparttable/th
reeparttable.sty
Package: threeparttable 2003/06/13  v 3.0
\@tempboxb=\box62
)
(c:/Users/Javier/AppData/Roaming/TinyTeX/texmf-dist/tex/latex/threeparttablex/t
hreeparttablex.sty
Package: threeparttablex 2013/07/23 v0.3 by daleif

(c:/Users/Javier/AppData/Roaming/TinyTeX/texmf-dist/tex/latex/environ/environ.s
ty
Package: environ 2014/05/04 v0.3 A new way to define environments

(c:/Users/Javier/AppData/Roaming/TinyTeX/texmf-dist/tex/latex/trimspaces/trimsp
aces.sty
Package: trimspaces 2009/09/17 v1.1 Trim spaces around a token list
))
\TPTL@width=\skip64
) (c:/Users/Javier/AppData/Roaming/TinyTeX/texmf-dist/tex/generic/ulem/ulem.sty
\UL@box=\box63
\UL@hyphenbox=\box64
\UL@skip=\skip65
\UL@hook=\toks33
\UL@height=\dimen192
\UL@pe=\count288
\UL@pixel=\dimen193
\ULC@box=\box65
Package: ulem 2019/11/18
\ULdepth=\dimen194
)
(c:/Users/Javier/AppData/Roaming/TinyTeX/texmf-dist/tex/latex/makecell/makecell
.sty
Package: makecell 2009/08/03 V0.1e Managing of Tab Column Heads and Cells
\rotheadsize=\dimen195
\c@nlinenum=\count289
\TeXr@lab=\toks34
)
(c:/Users/Javier/AppData/Roaming/TinyTeX/texmf-dist/tex/latex/xcolor/xcolor.sty
Package: xcolor 2016/05/11 v2.12 LaTeX color extensions (UK)

(c:/Users/Javier/AppData/Roaming/TinyTeX/texmf-dist/tex/latex/graphics-cfg/colo
r.cfg
File: color.cfg 2016/01/02 v1.6 sample color configuration
)
Package xcolor Info: Driver file: pdftex.def on input line 225.
LaTeX Info: Redefining \color on input line 709.
Package xcolor Info: Model `cmy' substituted by `cmy0' on input line 1348.
Package xcolor Info: Model `hsb' substituted by `rgb' on input line 1352.
Package xcolor Info: Model `RGB' extended on input line 1364.
Package xcolor Info: Model `HTML' substituted by `rgb' on input line 1366.
Package xcolor Info: Model `Hsb' substituted by `hsb' on input line 1367.
Package xcolor Info: Model `tHsb' substituted by `hsb' on input line 1368.
Package xcolor Info: Model `HSB' substituted by `hsb' on input line 1369.
Package xcolor Info: Model `Gray' substituted by `gray' on input line 1370.
Package xcolor Info: Model `wave' substituted by `hsb' on input line 1371.
)
(c:/Users/Javier/AppData/Roaming/TinyTeX/texmf-dist/tex/latex/l3backend/l3backe
nd-pdfmode.def
File: l3backend-pdfmode.def 2020-03-12 L3 backend support: PDF mode
\l__kernel_color_stack_int=\count290
\l__pdf_internal_box=\box66
) (./Stat_461_Final_Project_Report.aux)
\openout1 = `Stat_461_Final_Project_Report.aux'.

LaTeX Font Info:    Checking defaults for OML/cmm/m/it on input line 127.
LaTeX Font Info:    ... okay on input line 127.
LaTeX Font Info:    Checking defaults for OMS/cmsy/m/n on input line 127.
LaTeX Font Info:    ... okay on input line 127.
LaTeX Font Info:    Checking defaults for OT1/cmr/m/n on input line 127.
LaTeX Font Info:    ... okay on input line 127.
LaTeX Font Info:    Checking defaults for T1/cmr/m/n on input line 127.
LaTeX Font Info:    ... okay on input line 127.
LaTeX Font Info:    Checking defaults for TS1/cmr/m/n on input line 127.
LaTeX Font Info:    ... okay on input line 127.
LaTeX Font Info:    Checking defaults for OMX/cmex/m/n on input line 127.
LaTeX Font Info:    ... okay on input line 127.
LaTeX Font Info:    Checking defaults for U/cmr/m/n on input line 127.
LaTeX Font Info:    ... okay on input line 127.
LaTeX Font Info:    Checking defaults for PD1/pdf/m/n on input line 127.
LaTeX Font Info:    ... okay on input line 127.
LaTeX Font Info:    Checking defaults for PU/pdf/m/n on input line 127.
LaTeX Font Info:    ... okay on input line 127.
\AtBeginShipoutBox=\box67
Package hyperref Info: Link coloring OFF on input line 127.

(c:/Users/Javier/AppData/Roaming/TinyTeX/texmf-dist/tex/latex/hyperref/nameref.
sty
Package: nameref 2019/09/16 v2.46 Cross-referencing by name of section

(c:/Users/Javier/AppData/Roaming/TinyTeX/texmf-dist/tex/latex/refcount/refcount
.sty
Package: refcount 2019/12/15 v3.6 Data extraction from label references (HO)
)
(c:/Users/Javier/AppData/Roaming/TinyTeX/texmf-dist/tex/generic/gettitlestring/
gettitlestring.sty
Package: gettitlestring 2019/12/15 v1.6 Cleanup title references (HO)
)
\c@section@level=\count291
)
LaTeX Info: Redefining \ref on input line 127.
LaTeX Info: Redefining \pageref on input line 127.
LaTeX Info: Redefining \nameref on input line 127.
(./Stat_461_Final_Project_Report.out) (./Stat_461_Final_Project_Report.out)
\@outlinefile=\write4
\openout4 = `Stat_461_Final_Project_Report.out'.

*geometry* driver: auto-detecting
*geometry* detected driver: pdftex
*geometry* verbose mode - [ preamble ] result:
* driver: pdftex
* paper: <default>
* layout: <same size as paper>
* layoutoffset:(h,v)=(0.0pt,0.0pt)
* modes: 
* h-part:(L,W,R)=(72.26999pt, 469.75502pt, 72.26999pt)
* v-part:(T,H,B)=(72.26999pt, 650.43001pt, 72.26999pt)
* \paperwidth=614.295pt
* \paperheight=794.96999pt
* \textwidth=469.75502pt
* \textheight=650.43001pt
* \oddsidemargin=0.0pt
* \evensidemargin=0.0pt
* \topmargin=-37.0pt
* \headheight=12.0pt
* \headsep=25.0pt
* \topskip=10.0pt
* \footskip=30.0pt
* \marginparwidth=65.0pt
* \marginparsep=11.0pt
* \columnsep=10.0pt
* \skip\footins=9.0pt plus 4.0pt minus 2.0pt
* \hoffset=0.0pt
* \voffset=0.0pt
* \mag=1000
* \@twocolumnfalse
* \@twosidefalse
* \@mparswitchfalse
* \@reversemarginfalse
* (1in=72.27pt=25.4mm, 1cm=28.453pt)


(c:/Users/Javier/AppData/Roaming/TinyTeX/texmf-dist/tex/latex/epstopdf-pkg/epst
opdf-base.sty
Package: epstopdf-base 2020-01-24 v2.11 Base part for package epstopdf
Package epstopdf-base Info: Redefining graphics rule for `.eps' on input line 4
85.

(c:/Users/Javier/AppData/Roaming/TinyTeX/texmf-dist/tex/latex/latexconfig/epsto
pdf-sys.cfg
File: epstopdf-sys.cfg 2010/07/13 v1.3 Configuration of (r)epstopdf for TeX Liv
e
))
LaTeX Font Info:    Trying to load font information for OT1+lmr on input line 1
29.
(c:/Users/Javier/AppData/Roaming/TinyTeX/texmf-dist/tex/latex/lm/ot1lmr.fd
File: ot1lmr.fd 2009/10/30 v1.6 Font defs for Latin Modern
)
LaTeX Font Info:    Trying to load font information for OML+lmm on input line 1
29.
(c:/Users/Javier/AppData/Roaming/TinyTeX/texmf-dist/tex/latex/lm/omllmm.fd
File: omllmm.fd 2009/10/30 v1.6 Font defs for Latin Modern
)
LaTeX Font Info:    Trying to load font information for OMS+lmsy on input line 
129.
(c:/Users/Javier/AppData/Roaming/TinyTeX/texmf-dist/tex/latex/lm/omslmsy.fd
File: omslmsy.fd 2009/10/30 v1.6 Font defs for Latin Modern
)
LaTeX Font Info:    Trying to load font information for OMX+lmex on input line 
129.
(c:/Users/Javier/AppData/Roaming/TinyTeX/texmf-dist/tex/latex/lm/omxlmex.fd
File: omxlmex.fd 2009/10/30 v1.6 Font defs for Latin Modern
)
LaTeX Font Info:    External font `lmex10' loaded for size
(Font)              <12> on input line 129.
LaTeX Font Info:    External font `lmex10' loaded for size
(Font)              <8> on input line 129.
LaTeX Font Info:    External font `lmex10' loaded for size
(Font)              <6> on input line 129.
LaTeX Font Info:    Trying to load font information for U+msa on input line 129
.
(c:/Users/Javier/AppData/Roaming/TinyTeX/texmf-dist/tex/latex/amsfonts/umsa.fd
File: umsa.fd 2013/01/14 v3.01 AMS symbols A
)
LaTeX Font Info:    Trying to load font information for U+msb on input line 129
.
(c:/Users/Javier/AppData/Roaming/TinyTeX/texmf-dist/tex/latex/amsfonts/umsb.fd
File: umsb.fd 2013/01/14 v3.01 AMS symbols B
) [1

{c:/Users/Javier/AppData/Roaming/TinyTeX/texmf-var/fonts/map/pdftex/updmap/pdft
ex.map}]
<Stat_461_Final_Project_Report_files/figure-latex/hasse-1.pdf, id=136, 289.08pt
 x 289.08pt>
File: Stat_461_Final_Project_Report_files/figure-latex/hasse-1.pdf Graphic file
 (type pdf)
<use Stat_461_Final_Project_Report_files/figure-latex/hasse-1.pdf>
Package pdftex.def Info: Stat_461_Final_Project_Report_files/figure-latex/hasse
-1.pdf  used on input line 210.
(pdftex.def)             Requested size: 289.09251pt x 289.09251pt.
[2pdfTeX warning (ext4): destination with the same identifier (name{figure.1}) 
has been already used, duplicate ignored

\AtBegShi@Output ...ipout \box \AtBeginShipoutBox 
                                                  \fi \fi 
l.230 
       <./Stat_461_Final_Project_Report_files/figure-latex/hasse-1.pdf>]
LaTeX Font Info:    External font `lmex10' loaded for size
(Font)              <10> on input line 236.
LaTeX Font Info:    External font `lmex10' loaded for size
(Font)              <7> on input line 236.
LaTeX Font Info:    External font `lmex10' loaded for size
(Font)              <5> on input line 236.
<Stat_461_Final_Project_Report_files/figure-latex/strip-1.pdf, id=149, 469.755p
t x 325.215pt>
File: Stat_461_Final_Project_Report_files/figure-latex/strip-1.pdf Graphic file
 (type pdf)
<use Stat_461_Final_Project_Report_files/figure-latex/strip-1.pdf>
Package pdftex.def Info: Stat_461_Final_Project_Report_files/figure-latex/strip
-1.pdf  used on input line 256.
(pdftex.def)             Requested size: 230.18196pt x 159.35674pt.
<Stat_461_Final_Project_Report_files/figure-latex/strip-2.pdf, id=150, 469.755p
t x 325.215pt>
File: Stat_461_Final_Project_Report_files/figure-latex/strip-2.pdf Graphic file
 (type pdf)
<use Stat_461_Final_Project_Report_files/figure-latex/strip-2.pdf>
Package pdftex.def Info: Stat_461_Final_Project_Report_files/figure-latex/strip
-2.pdf  used on input line 256.
(pdftex.def)             Requested size: 230.18196pt x 159.35674pt.
LaTeX Font Info:    External font `lmex10' loaded for size
(Font)              <9> on input line 276.

Overfull \hbox (4.11327pt too wide) in paragraph at lines 278--278
 []|\T1/lmr/m/n/9 Sample.Median|
 []


Overfull \hbox (11.15811pt too wide) in paragraph at lines 278--279
 []|\T1/lmr/m/n/9 Sample.Skewness|
 []


Overfull \hbox (3.00201pt too wide) in paragraph at lines 280--280
 []|\T1/lmr/m/n/9 0.393|
 []


Overfull \hbox (3.00201pt too wide) in paragraph at lines 280--280
 []|\T1/lmr/m/n/9 0.217|
 []


Overfull \hbox (3.00201pt too wide) in paragraph at lines 282--282
 []|\T1/lmr/m/n/9 0.383|
 []


Overfull \hbox (3.00201pt too wide) in paragraph at lines 282--282
 []|\T1/lmr/m/n/9 0.290|
 []


Overfull \hbox (3.00201pt too wide) in paragraph at lines 284--284
 []|\T1/lmr/m/n/9 0.351|
 []


Overfull \hbox (3.00201pt too wide) in paragraph at lines 284--284
 []|\T1/lmr/m/n/9 0.213|
 []


Overfull \hbox (3.00201pt too wide) in paragraph at lines 286--286
 []|\T1/lmr/m/n/9 0.379|
 []


Overfull \hbox (3.00201pt too wide) in paragraph at lines 286--286
 []|\T1/lmr/m/n/9 0.250|
 []


Overfull \hbox (3.00201pt too wide) in paragraph at lines 288--288
 []|\T1/lmr/m/n/9 0.352|
 []


Overfull \hbox (3.00201pt too wide) in paragraph at lines 288--288
 []|\T1/lmr/m/n/9 0.275|
 []


Overfull \hbox (3.00201pt too wide) in paragraph at lines 290--290
 []|\T1/lmr/m/n/9 0.351|
 []


Overfull \hbox (3.00201pt too wide) in paragraph at lines 290--290
 []|\T1/lmr/m/n/9 0.282|
 []


Overfull \hbox (3.00201pt too wide) in paragraph at lines 292--292
 []|\T1/lmr/m/n/9 0.386|
 []


Overfull \hbox (3.00201pt too wide) in paragraph at lines 292--292
 []|\T1/lmr/m/n/9 0.281|
 []


Overfull \hbox (3.00201pt too wide) in paragraph at lines 294--294
 []|\T1/lmr/m/n/9 0.426|
 []


Overfull \hbox (3.00201pt too wide) in paragraph at lines 294--294
 []|\T1/lmr/m/n/9 0.338|
 []


Overfull \hbox (3.00201pt too wide) in paragraph at lines 296--296
 []|\T1/lmr/m/n/9 0.393|
 []


Overfull \hbox (3.00201pt too wide) in paragraph at lines 296--296
 []|\T1/lmr/m/n/9 0.290|
 []


Overfull \hbox (3.00201pt too wide) in paragraph at lines 298--298
 []|\T1/lmr/m/n/9 0.363|
 []


Overfull \hbox (3.00201pt too wide) in paragraph at lines 298--298
 []|\T1/lmr/m/n/9 0.257|
 []

[3pdfTeX warning (ext4): destination with the same identifier (name{figure.2}) 
has been already used, duplicate ignored

\AtBegShi@Output ...ipout \box \AtBeginShipoutBox 
                                                  \fi \fi 
l.302 
       <./Stat_461_Final_Project_Report_files/figure-latex/strip-1.pdf> <./Stat
_461_Final_Project_Report_files/figure-latex/strip-2.pdf>] [4pdfTeX warning (ex
t4): destination with the same identifier (name{table.1}) has been already used
, duplicate ignored

\AtBegShi@Output ...ipout \box \AtBeginShipoutBox 
                                                  \fi \fi 
l.330 \clearpage
                ]
<Stat_461_Final_Project_Report_files/figure-latex/logNormality-1.pdf, id=186, 3
61.35pt x 289.08pt>
File: Stat_461_Final_Project_Report_files/figure-latex/logNormality-1.pdf Graph
ic file (type pdf)
<use Stat_461_Final_Project_Report_files/figure-latex/logNormality-1.pdf>
Package pdftex.def Info: Stat_461_Final_Project_Report_files/figure-latex/logNo
rmality-1.pdf  used on input line 337.
(pdftex.def)             Requested size: 361.34912pt x 289.07928pt.
<Stat_461_Final_Project_Report_files/figure-latex/logNormalityRE-1.pdf, id=187,
 361.35pt x 289.08pt>
File: Stat_461_Final_Project_Report_files/figure-latex/logNormalityRE-1.pdf Gra
phic file (type pdf)
<use Stat_461_Final_Project_Report_files/figure-latex/logNormalityRE-1.pdf>
Package pdftex.def Info: Stat_461_Final_Project_Report_files/figure-latex/logNo
rmalityRE-1.pdf  used on input line 353.
(pdftex.def)             Requested size: 361.34912pt x 289.07928pt.
[5

pdfTeX warning (ext4): destination with the same identifier (name{figure.3}) ha
s been already used, duplicate ignored

\AtBegShi@Output ...ipout \box \AtBeginShipoutBox 
                                                  \fi \fi 
l.357 
       <./Stat_461_Final_Project_Report_files/figure-latex/logNormality-1.pdf>]
<Stat_461_Final_Project_Report_files/figure-latex/logHomoscedasticity-1.pdf, id
=198, 361.35pt x 289.08pt>
File: Stat_461_Final_Project_Report_files/figure-latex/logHomoscedasticity-1.pd
f Graphic file (type pdf)
<use Stat_461_Final_Project_Report_files/figure-latex/logHomoscedasticity-1.pdf
>
Package pdftex.def Info: Stat_461_Final_Project_Report_files/figure-latex/logHo
moscedasticity-1.pdf  used on input line 370.
(pdftex.def)             Requested size: 361.34912pt x 289.07928pt.
[6pdfTeX warning (ext4): destination with the same identifier (name{figure.4}) 
has been already used, duplicate ignored

\AtBegShi@Output ...ipout \box \AtBeginShipoutBox 
                                                  \fi \fi 
l.373 
       <./Stat_461_Final_Project_Report_files/figure-latex/logNormalityRE-1.pdf
>]
<Stat_461_Final_Project_Report_files/figure-latex/logInteraction-1.pdf, id=209,
 469.755pt x 325.215pt>
File: Stat_461_Final_Project_Report_files/figure-latex/logInteraction-1.pdf Gra
phic file (type pdf)
<use Stat_461_Final_Project_Report_files/figure-latex/logInteraction-1.pdf>
Package pdftex.def Info: Stat_461_Final_Project_Report_files/figure-latex/logIn
teraction-1.pdf  used on input line 384.
(pdftex.def)             Requested size: 469.75386pt x 325.2142pt.
[7pdfTeX warning (ext4): destination with the same identifier (name{figure.5}) 
has been already used, duplicate ignored

\AtBegShi@Output ...ipout \box \AtBeginShipoutBox 
                                                  \fi \fi 
l.386 \subsection
                 {Multivariate Omnibus <./Stat_461_Final_Project_Report_files/f
igure-latex/logHomoscedasticity-1.pdf>] [8pdfTeX warning (ext4): destination wi
th the same identifier (name{table.2}) has been already used, duplicate ignored


\AtBegShi@Output ...ipout \box \AtBeginShipoutBox 
                                                  \fi \fi 
l.425 \subsection
                 {Omnibus Results}\label{omnibus-results} <./Stat_461_Final_Pro
ject_Report_files/figure-latex/logInteraction-1.pdf>]
Overfull \hbox (5.345pt too wide) in paragraph at lines 432--442
 [][] 
 []

[9pdfTeX warning (ext4): destination with the same identifier (name{table.3}) h
as been already used, duplicate ignored

\AtBegShi@Output ...ipout \box \AtBeginShipoutBox 
                                                  \fi \fi 
l.512 
      pdfTeX warning (ext4): destination with the same identifier (name{table.4
}) has been already used, duplicate ignored

\AtBegShi@Output ...ipout \box \AtBeginShipoutBox 
                                                  \fi \fi 
l.512 
      ]
<Stat_461_Final_Project_Report_files/figure-latex/comboplots-1.pdf, id=241, 469
.755pt x 216.81pt>
File: Stat_461_Final_Project_Report_files/figure-latex/comboplots-1.pdf Graphic
 file (type pdf)
<use Stat_461_Final_Project_Report_files/figure-latex/comboplots-1.pdf>
Package pdftex.def Info: Stat_461_Final_Project_Report_files/figure-latex/combo
plots-1.pdf  used on input line 517.
(pdftex.def)             Requested size: 469.75386pt x 216.80946pt.
[10pdfTeX warning (ext4): destination with the same identifier (name{figure.6})
 has been already used, duplicate ignored

\AtBegShi@Output ...ipout \box \AtBeginShipoutBox 
                                                  \fi \fi 
l.551 
       <./Stat_461_Final_Project_Report_files/figure-latex/comboplots-1.pdf>]
<Stat_461_Final_Project_Report_files/figure-latex/secondplot-1.pdf, id=257, 469
.755pt x 144.54pt>
File: Stat_461_Final_Project_Report_files/figure-latex/secondplot-1.pdf Graphic
 file (type pdf)
<use Stat_461_Final_Project_Report_files/figure-latex/secondplot-1.pdf>
Package pdftex.def Info: Stat_461_Final_Project_Report_files/figure-latex/secon
dplot-1.pdf  used on input line 557.
(pdftex.def)             Requested size: 469.75386pt x 144.53963pt.
[11pdfTeX warning (ext4): destination with the same identifier (name{figure.7})
 has been already used, duplicate ignored

\AtBegShi@Output ...ipout \box \AtBeginShipoutBox 
                                                  \fi \fi 
l.624 
       <./Stat_461_Final_Project_Report_files/figure-latex/secondplot-1.pdf>] [
12pdfTeX warning (ext4): destination with the same identifier (name{table.5}) h
as been already used, duplicate ignored

\AtBegShi@Output ...ipout \box \AtBeginShipoutBox 
                                                  \fi \fi 
l.709 
      pdfTeX warning (ext4): destination with the same identifier (name{table.6
}) has been already used, duplicate ignored

\AtBegShi@Output ...ipout \box \AtBeginShipoutBox 
                                                  \fi \fi 
l.709 
      pdfTeX warning (ext4): destination with the same identifier (name{table.7
}) has been already used, duplicate ignored

\AtBegShi@Output ...ipout \box \AtBeginShipoutBox 
                                                  \fi \fi 
l.709 
      ] [13]
Underfull \hbox (badness 10000) in paragraph at lines 753--754
[]\T1/lmr/m/n/10 National Cen-ter for Ed-u-ca-tion Statis-tics. (n.d.). Browse 
CIP Codes. Re-trieved from
 []

[14]
Overfull \hbox (4.51605pt too wide) in paragraph at lines 794--794
[]|\T1/lmr/m/n/12 midfieldstudents|  
 []


Overfull \hbox (7.89238pt too wide) in paragraph at lines 786--799
 [][] 
 []

[15pdfTeX warning (ext4): destination with the same identifier (name{table.8}) 
has been already used, duplicate ignored

\AtBegShi@Output ...ipout \box \AtBeginShipoutBox 
                                                  \fi \fi 
l.855 
      ] [16]
<Stat_461_Final_Project_Report_files/figure-latex/normality-1.pdf, id=302, 361.
35pt x 289.08pt>
File: Stat_461_Final_Project_Report_files/figure-latex/normality-1.pdf Graphic 
file (type pdf)
<use Stat_461_Final_Project_Report_files/figure-latex/normality-1.pdf>
Package pdftex.def Info: Stat_461_Final_Project_Report_files/figure-latex/norma
lity-1.pdf  used on input line 885.
(pdftex.def)             Requested size: 361.34912pt x 289.07928pt.
<Stat_461_Final_Project_Report_files/figure-latex/normalityRE-1.pdf, id=303, 36
1.35pt x 289.08pt>
File: Stat_461_Final_Project_Report_files/figure-latex/normalityRE-1.pdf Graphi
c file (type pdf)
<use Stat_461_Final_Project_Report_files/figure-latex/normalityRE-1.pdf>
Package pdftex.def Info: Stat_461_Final_Project_Report_files/figure-latex/norma
lityRE-1.pdf  used on input line 898.
(pdftex.def)             Requested size: 361.34912pt x 289.07928pt.
[17pdfTeX warning (ext4): destination with the same identifier (name{figure.8})
 has been already used, duplicate ignored

\AtBegShi@Output ...ipout \box \AtBeginShipoutBox 
                                                  \fi \fi 
l.902 
       <./Stat_461_Final_Project_Report_files/figure-latex/normality-1.pdf>]
<Stat_461_Final_Project_Report_files/figure-latex/homoscedasticity-1.pdf, id=31
4, 361.35pt x 289.08pt>
File: Stat_461_Final_Project_Report_files/figure-latex/homoscedasticity-1.pdf G
raphic file (type pdf)
<use Stat_461_Final_Project_Report_files/figure-latex/homoscedasticity-1.pdf>
Package pdftex.def Info: Stat_461_Final_Project_Report_files/figure-latex/homos
cedasticity-1.pdf  used on input line 916.
(pdftex.def)             Requested size: 361.34912pt x 289.07928pt.
[18pdfTeX warning (ext4): destination with the same identifier (name{figure.9})
 has been already used, duplicate ignored

\AtBegShi@Output ...ipout \box \AtBeginShipoutBox 
                                                  \fi \fi 
l.919 
       <./Stat_461_Final_Project_Report_files/figure-latex/normalityRE-1.pdf>] 
[19pdfTeX warning (ext4): destination with the same identifier (name{figure.10}
) has been already used, duplicate ignored

\AtBegShi@Output ...ipout \box \AtBeginShipoutBox 
                                                  \fi \fi 
l.931 \newpage
               <./Stat_461_Final_Project_Report_files/figure-latex/homoscedasti
city-1.pdf>]
<Stat_461_Final_Project_Report_files/figure-latex/secondplot2-1.pdf, id=336, 46
9.755pt x 144.54pt>
File: Stat_461_Final_Project_Report_files/figure-latex/secondplot2-1.pdf Graphi
c file (type pdf)
<use Stat_461_Final_Project_Report_files/figure-latex/secondplot2-1.pdf>
Package pdftex.def Info: Stat_461_Final_Project_Report_files/figure-latex/secon
dplot2-1.pdf  used on input line 942.
(pdftex.def)             Requested size: 469.75386pt x 144.53963pt.

Underfull \hbox (badness 10000) in paragraph at lines 942--947
[][]
 []

<Stat_461_Final_Project_Report_files/figure-latex/secondplot3-1.pdf, id=337, 46
9.755pt x 144.54pt>
File: Stat_461_Final_Project_Report_files/figure-latex/secondplot3-1.pdf Graphi
c file (type pdf)
<use Stat_461_Final_Project_Report_files/figure-latex/secondplot3-1.pdf>
Package pdftex.def Info: Stat_461_Final_Project_Report_files/figure-latex/secon
dplot3-1.pdf  used on input line 981.
(pdftex.def)             Requested size: 469.75386pt x 144.53963pt.

Underfull \hbox (badness 10000) in paragraph at lines 981--985
[][]
 []

[20pdfTeX warning (ext4): destination with the same identifier (name{table.9}) 
has been already used, duplicate ignored

\AtBegShi@Output ...ipout \box \AtBeginShipoutBox 
                                                  \fi \fi 
l.985 
       <./Stat_461_Final_Project_Report_files/figure-latex/secondplot2-1.pdf> <
./Stat_461_Final_Project_Report_files/figure-latex/secondplot3-1.pdf>] [21pdfTe
X warning (ext4): destination with the same identifier (name{table.10}) has bee
n already used, duplicate ignored

\AtBegShi@Output ...ipout \box \AtBeginShipoutBox 
                                                  \fi \fi 
l.1013 \newpage
               ]

Package xcolor Warning: Incompatible color definition on input line 1017.

LaTeX Font Info:    Trying to load font information for T1+lmtt on input line 1
018.
(c:/Users/Javier/AppData/Roaming/TinyTeX/texmf-dist/tex/latex/lm/t1lmtt.fd
File: t1lmtt.fd 2009/10/30 v1.6 Font defs for Latin Modern
)
LaTeX Font Info:    Font shape `T1/lmtt/bx/n' in size <10> not available
(Font)              Font shape `T1/lmtt/b/n' tried instead on input line 1019.
LaTeX Font Info:    Trying to load font information for TS1+lmtt on input line 
1091.
(c:/Users/Javier/AppData/Roaming/TinyTeX/texmf-dist/tex/latex/lm/ts1lmtt.fd
File: ts1lmtt.fd 2009/10/30 v1.6 Font defs for Latin Modern
)

Package xcolor Warning: Incompatible color definition on input line 1481.


Package xcolor Warning: Incompatible color definition on input line 1481.


Package xcolor Warning: Incompatible color definition on input line 1481.

[22]

Package xcolor Warning: Incompatible color definition on input line 1481.


Package xcolor Warning: Incompatible color definition on input line 1481.


Underfull \vbox (badness 10000) detected at line 1481
 []


Underfull \vbox (badness 10000) detected at line 1481
 []


Package xcolor Warning: Incompatible color definition on input line 1481.

[23]

Package xcolor Warning: Incompatible color definition on input line 1481.


Package xcolor Warning: Incompatible color definition on input line 1481.


Underfull \vbox (badness 10000) detected at line 1481
 []


Underfull \vbox (badness 10000) detected at line 1481
 []


Package xcolor Warning: Incompatible color definition on input line 1481.

[24]

Package xcolor Warning: Incompatible color definition on input line 1481.


Package xcolor Warning: Incompatible color definition on input line 1481.


Underfull \vbox (badness 10000) detected at line 1481
 []


Underfull \vbox (badness 10000) detected at line 1481
 []


Package xcolor Warning: Incompatible color definition on input line 1481.

[25]

Package xcolor Warning: Incompatible color definition on input line 1481.


Package xcolor Warning: Incompatible color definition on input line 1481.


Underfull \vbox (badness 10000) detected at line 1481
 []


Underfull \vbox (badness 10000) detected at line 1481
 []


Package xcolor Warning: Incompatible color definition on input line 1481.

[26]

Package xcolor Warning: Incompatible color definition on input line 1481.


Package xcolor Warning: Incompatible color definition on input line 1481.


Underfull \vbox (badness 10000) detected at line 1481
 []


Underfull \vbox (badness 10000) detected at line 1481
 []


Package xcolor Warning: Incompatible color definition on input line 1481.

[27]

Package xcolor Warning: Incompatible color definition on input line 1481.


Package xcolor Warning: Incompatible color definition on input line 1481.


Underfull \vbox (badness 10000) detected at line 1481
 []


Underfull \vbox (badness 10000) detected at line 1481
 []


Package xcolor Warning: Incompatible color definition on input line 1481.

[28]

Package xcolor Warning: Incompatible color definition on input line 1481.


Package xcolor Warning: Incompatible color definition on input line 1481.


Underfull \vbox (badness 10000) detected at line 1481
 []


Underfull \vbox (badness 10000) detected at line 1481
 []


Package xcolor Warning: Incompatible color definition on input line 1481.

[29]

Package xcolor Warning: Incompatible color definition on input line 1481.


Package xcolor Warning: Incompatible color definition on input line 1481.

Package atveryend Info: Empty hook `BeforeClearDocument' on input line 1483.
[30]
Package atveryend Info: Empty hook `AfterLastShipout' on input line 1483.
(./Stat_461_Final_Project_Report.aux)
Package atveryend Info: Executing hook `AtVeryEndDocument' on input line 1483.
Package atveryend Info: Executing hook `AtEndAfterFileList' on input line 1483.

Package rerunfilecheck Info: File `Stat_461_Final_Project_Report.out' has not c
hanged.
(rerunfilecheck)             Checksum: 6DE9692D15DB6C527CFDDC52AF3CF600;5986.
Package atveryend Info: Empty hook `AtVeryVeryEnd' on input line 1483.
 ) 
Here is how much of TeX's memory you used:
 12711 strings out of 482605
 188756 string characters out of 5950339
 532883 words of memory out of 5000000
 27920 multiletter control sequences out of 15000+600000
 603498 words of font info for 78 fonts, out of 8000000 for 9000
 14 hyphenation exceptions out of 8191
 34i,11n,37p,572b,356s stack positions out of 5000i,500n,10000p,200000b,80000s
{c:/Users/Javier/AppData/Roaming/TinyTeX/texmf-dist/fonts/enc/dvips/lm/lm-ts1
.enc}{c:/Users/Javier/AppData/Roaming/TinyTeX/texmf-dist/fonts/enc/dvips/lm/lm-
ec.enc}{c:/Users/Javier/AppData/Roaming/TinyTeX/texmf-dist/fonts/enc/dvips/lm/l
m-rm.enc}{c:/Users/Javier/AppData/Roaming/TinyTeX/texmf-dist/fonts/enc/dvips/lm
/lm-mathit.enc}{c:/Users/Javier/AppData/Roaming/TinyTeX/texmf-dist/fonts/enc/dv
ips/lm/lm-mathsy.enc}<c:/Users/Javier/AppData/Roaming/TinyTeX/texmf-dist/fonts/
type1/public/lm/lmbx10.pfb><c:/Users/Javier/AppData/Roaming/TinyTeX/texmf-dist/
fonts/type1/public/lm/lmbx12.pfb><c:/Users/Javier/AppData/Roaming/TinyTeX/texmf
-dist/fonts/type1/public/lm/lmmi10.pfb><c:/Users/Javier/AppData/Roaming/TinyTeX
/texmf-dist/fonts/type1/public/lm/lmmi7.pfb><c:/Users/Javier/AppData/Roaming/Ti
nyTeX/texmf-dist/fonts/type1/public/lm/lmr10.pfb><c:/Users/Javier/AppData/Roami
ng/TinyTeX/texmf-dist/fonts/type1/public/lm/lmr12.pfb><c:/Users/Javier/AppData/
Roaming/TinyTeX/texmf-dist/fonts/type1/public/lm/lmr17.pfb><c:/Users/Javier/App
Data/Roaming/TinyTeX/texmf-dist/fonts/type1/public/lm/lmr6.pfb><c:/Users/Javier
/AppData/Roaming/TinyTeX/texmf-dist/fonts/type1/public/lm/lmr7.pfb><c:/Users/Ja
vier/AppData/Roaming/TinyTeX/texmf-dist/fonts/type1/public/lm/lmr8.pfb><c:/User
s/Javier/AppData/Roaming/TinyTeX/texmf-dist/fonts/type1/public/lm/lmr9.pfb><c:/
Users/Javier/AppData/Roaming/TinyTeX/texmf-dist/fonts/type1/public/lm/lmri10.pf
b><c:/Users/Javier/AppData/Roaming/TinyTeX/texmf-dist/fonts/type1/public/lm/lmr
i12.pfb><c:/Users/Javier/AppData/Roaming/TinyTeX/texmf-dist/fonts/type1/public/
lm/lmsy10.pfb><c:/Users/Javier/AppData/Roaming/TinyTeX/texmf-dist/fonts/type1/p
ublic/lm/lmtk10.pfb><c:/Users/Javier/AppData/Roaming/TinyTeX/texmf-dist/fonts/t
ype1/public/lm/lmtt10.pfb><c:/Users/Javier/AppData/Roaming/TinyTeX/texmf-dist/f
onts/type1/public/lm/lmtti10.pfb>
Output written on Stat_461_Final_Project_Report.pdf (30 pages, 529018 bytes).
PDF statistics:
 487 PDF objects out of 1000 (max. 8388607)
 402 compressed objects within 5 object streams
 91 named destinations out of 1000 (max. 500000)
 311 words of extra memory for PDF output out of 10000 (max. 10000000)

